Skipping [UNDOCUMENTED] "/part[0,15]/kit[0,15]/padpars/GlobalFilter/is_formant_filter"
Skipping [UNDOCUMENTED] "/part[0,15]/kit[0,15]/padpars/resonance/respoints"
Skipping [UNDOCUMENTED] "/part[0,15]/kit[0,15]/adpars/VoicePar[0,7]/VoiceFilter/is_formant_filter"
Skipping [UNDOCUMENTED] "/part[0,15]/kit[0,15]/adpars/GlobalPar/Reson/respoints"
Skipping [UNDOCUMENTED] "/part[0,15]/kit[0,15]/adpars/GlobalPar/GlobalFilter/is_formant_filter"
Skipping [UNDOCUMENTED] "/part[0,15]/kit[0,15]/subpars/GlobalFilter/is_formant_filter"
Skipping [UNDOCUMENTED] "/part[0,15]/partefx[0,2]/self-enabled"
Skipping [UNDOCUMENTED] "/part[0,15]/partefx[0,2]/filterpars/is_formant_filter"
Skipping [UNDOCUMENTED] "/part[0,15]/partefx[0,2]/Distorsion/waveform"
Skipping [UNDOCUMENTED] "/sysefx[0,3]/self-enabled"
Skipping [UNDOCUMENTED] "/sysefx[0,3]/filterpars/is_formant_filter"
Skipping [UNDOCUMENTED] "/sysefx[0,3]/Distorsion/waveform"
Skipping [UNDOCUMENTED] "/insefx[0,7]/self-enabled"
Skipping [UNDOCUMENTED] "/insefx[0,7]/filterpars/is_formant_filter"
Skipping [UNDOCUMENTED] "/insefx[0,7]/Distorsion/waveform"
Skipping [UNDOCUMENTED] "/active_keys"
Skipping [UNDOCUMENTED] "/midi-learn/midi-add-watch"
Skipping [UNDOCUMENTED] "/midi-learn/midi-remove-watch"
Skipping [UNDOCUMENTED] "/midi-learn/midi-bind"
Skipping [UNDOCUMENTED] "/config/favorites"
Skipping [UNDOCUMENTED] "/bank/rescan"
Skipping [UNDOCUMENTED] "/bank/bank_list"
Skipping [UNDOCUMENTED] "/bank/types"
Skipping [UNDOCUMENTED] "/bank/tags"
Skipping [UNDOCUMENTED] "/bank/slot[0,1023]"
Skipping [UNDOCUMENTED] "/bank/banks"
Skipping [UNDOCUMENTED] "/bank/bank_select"
Skipping [UNDOCUMENTED] "/bank/rename_slot"
Skipping [UNDOCUMENTED] "/bank/swap_slots"
Skipping [UNDOCUMENTED] "/bank/clear_slot"
Skipping [UNDOCUMENTED] "/bank/msb"
Skipping [UNDOCUMENTED] "/bank/lsb"
Skipping [UNDOCUMENTED] "/bank/newbank"
Skipping [UNDOCUMENTED] "/bank/search"
Skipping [UNDOCUMENTED] "/bank/blist"
Skipping [UNDOCUMENTED] "/bank/search_results"
Skipping [UNDOCUMENTED] "/part[0,15]/kit[0,15]/padpars/resonance/respoints"
Skipping [UNDOCUMENTED] "/bank/save_to_slot"
Skipping [UNDOCUMENTED] "/io/sink-list"
Skipping [UNDOCUMENTED] "/io/source-list"
Skipping [UNDOCUMENTED] "/io/source"
Skipping [UNDOCUMENTED] "/io/sink"
Skipping [UNDOCUMENTED] "/part*/kit*/{Padenabled,Ppadenabled,Psubenabled}"
Skipping [UNDOCUMENTED] "/save_xcz"
Skipping [UNDOCUMENTED] "/load_xcz"
Skipping [UNDOCUMENTED] "/clear_xcz"
Skipping [UNDOCUMENTED] "/save_xlz"
Skipping [UNDOCUMENTED] "/load_xlz"
Skipping [UNDOCUMENTED] "/clear_xlz"
Skipping [UNDOCUMENTED] "/load_xsz"
Skipping [UNDOCUMENTED] "/save_xsz"
Skipping [UNDOCUMENTED] "/load_kbm"
Skipping [UNDOCUMENTED] "/save_xmz"
Skipping [UNDOCUMENTED] "/save_osc"
Skipping [UNDOCUMENTED] "/save_xiz"
Skipping [UNDOCUMENTED] "/file_home_dir"
Skipping [UNDOCUMENTED] "/file_list_files"
Skipping [UNDOCUMENTED] "/file_list_dirs"
Skipping [UNDOCUMENTED] "/reload_auto_save"
Skipping [UNDOCUMENTED] "/delete_auto_save"
Skipping [UNDOCUMENTED] "/load_xmz"
Skipping [UNDOCUMENTED] "/load_osc"
Skipping [UNDOCUMENTED] "/reset_master"
Skipping [UNDOCUMENTED] "/load_xiz"
Skipping [UNDOCUMENTED] "/load-part"
Skipping [UNDOCUMENTED] "/load-part"
Skipping [UNDOCUMENTED] "/setprogram"
Skipping [UNDOCUMENTED] "/part[0,15]/clear"
Skipping [UNDOCUMENTED] "/undo"
Skipping [UNDOCUMENTED] "/redo"
Skipping [UNDOCUMENTED] "/mlearn-values"
Skipping [UNDOCUMENTED] "/mlearn"
Skipping [UNDOCUMENTED] "/munlearn"
Skipping [UNDOCUMENTED] "/ui/title"
Skipping [UNDOCUMENTED] "/change-synth"
